#
# A fatal error has been detected by the Java Runtime Environment:
#
#  SIGSEGV (0xb) at pc=0x000000010b4481be, pid=873, tid=17155
#
# JRE version: Java(TM) SE Runtime Environment (8.0_66-b17) (build 1.8.0_66-b17)
# Java VM: Java HotSpot(TM) 64-Bit Server VM (25.66-b17 mixed mode bsd-amd64 compressed oops)
# Problematic frame:
# V  [libjvm.dylib+0x4461be]  Method::checked_resolve_jmethod_id(_jmethodID*)+0x1c
#
# Failed to write core dump. Core dumps have been disabled. To enable core dumping, try "ulimit -c unlimited" before starting Java again
#
# If you would like to submit a bug report, please visit:
#   http://bugreport.java.com/bugreport/crash.jsp
#

---------------  T H R E A D  ---------------

Current thread (0x00007facb3059800):  JavaThread "JDWP Transport Listener: dt_socket" daemon [_thread_in_vm, id=17155, stack(0x0000700000b3b000,0x0000700000c3b000)]

siginfo: si_signo: 11 (SIGSEGV), si_code: 1 (SEGV_MAPERR), si_addr: 0x00000014dad5dc01

Registers:
RAX=0x0000000000000001, RBX=0x00000014dad5dc01, RCX=0x000000010b816310, RDX=0x0000700000c3aa8b
RSP=0x0000700000c3a9d0, RBP=0x0000700000c3a9e0, RSI=0x00007facb3059800, RDI=0x00000007955e60a0
R8 =0x0000000000000000, R9 =0x00007facb152d710, R10=0x00000000a26f1fb2, R11=0x00007facb1500000
R12=0x00007facb3059800, R13=0x00000007955e60a0, R14=0x00000007955e60a0, R15=0x00007facb15014d0
RIP=0x000000010b4481be, EFLAGS=0x0000000000010216, ERR=0x0000000000000004
  TRAPNO=0x000000000000000e

Top of Stack: (sp=0x0000700000c3a9d0)
0x0000700000c3a9d0:   0000700000c3aa8b 0000700000c3aa8b
0x0000700000c3a9e0:   0000700000c3aa40 000000010b3572be
0x0000700000c3a9f0:   00007facb3059800 0000000000000000
0x0000700000c3aa00:   0000000000000000 0000000000000000
0x0000700000c3aa10:   00007facb3059800 00007facb3059800
0x0000700000c3aa20:   0000700000c3aa8b 0000700000c3aa90
0x0000700000c3aa30:   00000007955e60a0 0000000000000003
0x0000700000c3aa40:   0000700000c3aa60 000000010c820780
0x0000700000c3aa50:   0000000000000001 0000700000c3ab08
0x0000700000c3aa60:   0000700000c3aad0 000000010c8051f3
0x0000700000c3aa70:   0000700000c3aaa0 00007facb152d2d0
0x0000700000c3aa80:   0000000400000032 0000000a00c3ab08
0x0000700000c3aa90:   0000000000000000 0000000000000000
0x0000700000c3aaa0:   0000000000000000 0000700000c3ac90
0x0000700000c3aab0:   000000010c827e7a 00007facb1723330
0x0000700000c3aac0:   0000700000c3ab08 000000010c833598
0x0000700000c3aad0:   0000700000c3aae0 000000010c8052ec
0x0000700000c3aae0:   0000700000c3ad00 000000010c80e898
0x0000700000c3aaf0:   000022a100000013 00000000000f0200
0x0000700000c3ab00:   00007facb1720eb0 00007facb152e366
0x0000700000c3ab10:   00007fac00000232 00007facb152e1e0
0x0000700000c3ab20:   000000000000012c 0000700000c3ab58
0x0000700000c3ab30:   00007facb152e1e0 0000000000000000
0x0000700000c3ab40:   000022a10000000f 00007fff00002c80
0x0000700000c3ab50:   0000700000c3ab58 ac7f000004000000
0x0000700000c3ab60:   1200000010d452b1 6d6f486573726170
0x0000700000c3ab70:   6e656d7567724165 4c283d0000007374
0x0000700000c3ab80:   6e616c2f6176616a 676e697274532f67
0x0000700000c3ab90:   752f6176616a4c3b 656765722f6c6974
0x0000700000c3aba0:   65686374614d2f78 6176616a4c293b72
0x0000700000c3abb0:   694c2f6c6974752f 28510000003b7473
0x0000700000c3abc0:   616c2f6176616a4c 6e697274532f676e 

Instructions: (pc=0x000000010b4481be)
0x000000010b44819e:   31 c0 5d c3 55 48 89 e5 53 48 83 ec 08 48 85 ff
0x000000010b4481ae:   74 24 48 8b 1f 48 85 db 74 1c 48 83 fb 37 74 16
0x000000010b4481be:   48 8b 03 48 89 df ff 50 10 84 c0 b8 00 00 00 00
0x000000010b4481ce:   48 0f 45 c3 eb 02 31 c0 48 83 c4 08 5b 5d c3 90 

Register to memory mapping:

RAX=0x0000000000000001 is an unknown value
RBX=0x00000014dad5dc01 is an unknown value
RCX=0x000000010b816310: UseMembar+0 in /Library/Java/JavaVirtualMachines/jdk1.8.0_66.jdk/Contents/Home/jre/lib/server/libjvm.dylib at 0x000000010b002000
RDX=0x0000700000c3aa8b is pointing into the stack for thread: 0x00007facb3059800
RSP=0x0000700000c3a9d0 is pointing into the stack for thread: 0x00007facb3059800
RBP=0x0000700000c3a9e0 is pointing into the stack for thread: 0x00007facb3059800
RSI=0x00007facb3059800 is a thread
RDI=0x00000007955e60a0 is an oop
sun.misc.Launcher$AppClassLoader 
 - klass: 'sun/misc/Launcher$AppClassLoader'
R8 =0x0000000000000000 is an unknown value
R9 =0x00007facb152d710 is an unknown value
R10=0x00000000a26f1fb2 is an unknown value
R11=0x00007facb1500000 is an unknown value
R12=0x00007facb3059800 is a thread
R13=0x00000007955e60a0 is an oop
sun.misc.Launcher$AppClassLoader 
 - klass: 'sun/misc/Launcher$AppClassLoader'
R14=0x00000007955e60a0 is an oop
sun.misc.Launcher$AppClassLoader 
 - klass: 'sun/misc/Launcher$AppClassLoader'
R15=0x00007facb15014d0 is an unknown value


Stack: [0x0000700000b3b000,0x0000700000c3b000],  sp=0x0000700000c3a9d0,  free space=1022k
Native frames: (J=compiled Java code, j=interpreted, Vv=VM code, C=native code)
V  [libjvm.dylib+0x4461be]  Method::checked_resolve_jmethod_id(_jmethodID*)+0x1c
V  [libjvm.dylib+0x3552be]  jvmti_IsMethodSynthetic+0xb2
C  [libjdwp.dylib+0x20780]  isMethodSynthetic+0x63
C  [libjdwp.dylib+0x51f3]  methods1+0x10b
C  [libjdwp.dylib+0x52ec]  methodsWithGeneric+0xe
C  [libjdwp.dylib+0xe898]  debugLoop_run+0x1ce
C  [libjdwp.dylib+0x1f6ba]  attachThread+0x4d
V  [libjvm.dylib+0x39661c]  JvmtiAgentThread::call_start_function()+0x38
V  [libjvm.dylib+0x560b83]  JavaThread::thread_main_inner()+0x9b
V  [libjvm.dylib+0x56227e]  JavaThread::run()+0x1c2
V  [libjvm.dylib+0x482cd6]  java_start(Thread*)+0xf6
C  [libsystem_pthread.dylib+0x399d]  _pthread_body+0x83
C  [libsystem_pthread.dylib+0x391a]  _pthread_body+0x0
C  [libsystem_pthread.dylib+0x1351]  thread_start+0xd
C  0x0000000000000000


---------------  P R O C E S S  ---------------

Java Threads: ( => current thread )
  0x00007facb182c000 JavaThread "Service Thread" daemon [_thread_blocked, id=20227, stack(0x000070000114d000,0x000070000124d000)]
  0x00007facb3064800 JavaThread "C1 CompilerThread2" daemon [_thread_blocked, id=19715, stack(0x000070000104a000,0x000070000114a000)]
  0x00007facb205c800 JavaThread "C2 CompilerThread1" daemon [_thread_blocked, id=19203, stack(0x0000700000f47000,0x0000700001047000)]
  0x00007facb2018800 JavaThread "C2 CompilerThread0" daemon [_thread_blocked, id=18691, stack(0x0000700000e44000,0x0000700000f44000)]
  0x00007facb180d000 JavaThread "JDWP Command Reader" daemon [_thread_in_native, id=18179, stack(0x0000700000d41000,0x0000700000e41000)]
  0x00007facb305a800 JavaThread "JDWP Event Helper Thread" daemon [_thread_blocked, id=17667, stack(0x0000700000c3e000,0x0000700000d3e000)]
=>0x00007facb3059800 JavaThread "JDWP Transport Listener: dt_socket" daemon [_thread_in_vm, id=17155, stack(0x0000700000b3b000,0x0000700000c3b000)]
  0x00007facb3031800 JavaThread "Signal Dispatcher" daemon [_thread_blocked, id=13839, stack(0x0000700000a38000,0x0000700000b38000)]
  0x00007facb2006000 JavaThread "Finalizer" daemon [_thread_blocked, id=12291, stack(0x000070000082f000,0x000070000092f000)]
  0x00007facb1815000 JavaThread "Reference Handler" daemon [_thread_blocked, id=11779, stack(0x000070000072c000,0x000070000082c000)]
  0x00007facb2802800 JavaThread "main" [_thread_in_native, id=4099, stack(0x0000700000084000,0x0000700000184000)]

Other Threads:
  0x00007facb2003000 VMThread [stack: 0x0000700000629000,0x0000700000729000] [id=11267]
  0x00007facb3065800 WatcherThread [stack: 0x0000700001250000,0x0000700001350000] [id=20739]

VM state:not at safepoint (normal execution)

VM Mutex/Monitor currently owned by a thread: None

Heap:
 PSYoungGen      total 38400K, used 3328K [0x0000000795580000, 0x0000000798000000, 0x00000007c0000000)
  eden space 33280K, 10% used [0x0000000795580000,0x00000007958c0138,0x0000000797600000)
  from space 5120K, 0% used [0x0000000797b00000,0x0000000797b00000,0x0000000798000000)
  to   space 5120K, 0% used [0x0000000797600000,0x0000000797600000,0x0000000797b00000)
 ParOldGen       total 87552K, used 0K [0x0000000740000000, 0x0000000745580000, 0x0000000795580000)
  object space 87552K, 0% used [0x0000000740000000,0x0000000740000000,0x0000000745580000)
 Metaspace       used 2733K, capacity 4568K, committed 4864K, reserved 1056768K
  class space    used 293K, capacity 392K, committed 512K, reserved 1048576K

Card table byte_map: [0x000000011bc0b000,0x000000011c00c000] byte_map_base: 0x000000011820b000

Marking Bits: (ParMarkBitMap*) 0x000000010b8dfe20
 Begin Bits: [0x000000011c2b7000, 0x000000011e2b7000)
 End Bits:   [0x000000011e2b7000, 0x00000001202b7000)

Polling page: 0x000000010bfcf000

CodeCache: size=245760Kb used=1120Kb max_used=1120Kb free=244639Kb
 bounds [0x000000010c84b000, 0x000000010cabb000, 0x000000011b84b000]
 total_blobs=266 nmethods=43 adapters=145
 compilation: enabled

Compilation events (10 events):
Event: 0.586 Thread 0x00007facb3064800   38       3       java.lang.AbstractStringBuilder::<init> (12 bytes)
Event: 0.587 Thread 0x00007facb3064800 nmethod 38 0x000000010c961590 code [0x000000010c961700, 0x000000010c961950]
Event: 0.699 Thread 0x00007facb3064800   39       3       java.lang.String::startsWith (7 bytes)
Event: 0.699 Thread 0x00007facb3064800 nmethod 39 0x000000010c961a10 code [0x000000010c961b80, 0x000000010c961da8]
Event: 0.712 Thread 0x00007facb3064800   40       3       java.nio.charset.CharsetEncoder::maxBytesPerChar (5 bytes)
Event: 0.713 Thread 0x00007facb3064800 nmethod 40 0x000000010c961e50 code [0x000000010c961fa0, 0x000000010c9620f0]
Event: 0.713 Thread 0x00007facb3064800   42       3       java.lang.AbstractStringBuilder::expandCapacity (50 bytes)
Event: 0.714 Thread 0x00007facb3064800 nmethod 42 0x000000010c9624d0 code [0x000000010c962680, 0x000000010c962bf8]
Event: 0.714 Thread 0x00007facb3064800   41       3       java.util.BitSet::wordIndex (5 bytes)
Event: 0.715 Thread 0x00007facb3064800 nmethod 41 0x000000010c962e50 code [0x000000010c962fa0, 0x000000010c9630d0]

GC Heap History (0 events):
No events

Deoptimization events (0 events):
No events

Internal exceptions (2 events):
Event: 0.086 Thread 0x00007facb2802800 Exception <a 'java/lang/NoSuchMethodError': Method sun.misc.Unsafe.defineClass(Ljava/lang/String;[BII)Ljava/lang/Class; name or signature does not match> (0x0000000795592f10) thrown at [/HUDSON3/workspace/8-2-build-macosx-x86_64/jdk8u66/4988/hotspot/src/s
Event: 0.086 Thread 0x00007facb2802800 Exception <a 'java/lang/NoSuchMethodError': Method sun.misc.Unsafe.prefetchRead(Ljava/lang/Object;J)V name or signature does not match> (0x00000007955931f8) thrown at [/HUDSON3/workspace/8-2-build-macosx-x86_64/jdk8u66/4988/hotspot/src/share/vm/prims/jni.

Events (10 events):
Event: 3211.736 Executing VM operation: ChangeBreakpoints
Event: 3211.737 Executing VM operation: ChangeBreakpoints done
Event: 3211.739 Executing VM operation: ChangeBreakpoints
Event: 3211.740 Executing VM operation: ChangeBreakpoints done
Event: 3330.586 Executing VM operation: ChangeBreakpoints
Event: 3330.586 Executing VM operation: ChangeBreakpoints done
Event: 3330.586 Executing VM operation: ChangeBreakpoints
Event: 3330.586 Executing VM operation: ChangeBreakpoints done
Event: 3330.601 Executing VM operation: RedefineClasses
Event: 3330.602 Executing VM operation: RedefineClasses done


Dynamic libraries:
0x0000000002e4d000 	/System/Library/Frameworks/Cocoa.framework/Versions/A/Cocoa
0x0000000002e4d000 	/System/Library/Frameworks/Security.framework/Versions/A/Security
0x0000000002e4d000 	/System/Library/Frameworks/ApplicationServices.framework/Versions/A/ApplicationServices
0x0000000002e4d000 	/usr/lib/libz.1.dylib
0x0000000002e4d000 	/usr/lib/libSystem.B.dylib
0x0000000002e4d000 	/usr/lib/libobjc.A.dylib
0x0000000002e4d000 	/System/Library/Frameworks/CoreFoundation.framework/Versions/A/CoreFoundation
0x0000000002e4d000 	/System/Library/Frameworks/Foundation.framework/Versions/C/Foundation
0x0000000002e4d000 	/System/Library/Frameworks/AppKit.framework/Versions/C/AppKit
0x0000000002e4d000 	/System/Library/Frameworks/CoreData.framework/Versions/A/CoreData
0x0000000002e4d000 	/System/Library/PrivateFrameworks/RemoteViewServices.framework/Versions/A/RemoteViewServices
0x0000000002e4d000 	/System/Library/PrivateFrameworks/UIFoundation.framework/Versions/A/UIFoundation
0x0000000002e4d000 	/usr/lib/libScreenReader.dylib
0x0000000002e4d000 	/System/Library/Frameworks/Accelerate.framework/Versions/A/Accelerate
0x0000000002e4d000 	/System/Library/Frameworks/IOSurface.framework/Versions/A/IOSurface
0x0000000002e4d000 	/System/Library/Frameworks/AudioToolbox.framework/Versions/A/AudioToolbox
0x0000000002e4d000 	/System/Library/Frameworks/AudioUnit.framework/Versions/A/AudioUnit
0x0000000002e4d000 	/System/Library/PrivateFrameworks/DataDetectorsCore.framework/Versions/A/DataDetectorsCore
0x0000000002e4d000 	/System/Library/PrivateFrameworks/DesktopServicesPriv.framework/Versions/A/DesktopServicesPriv
0x0000000002e4d000 	/System/Library/Frameworks/Carbon.framework/Versions/A/Frameworks/HIToolbox.framework/Versions/A/HIToolbox
0x0000000002e4d000 	/System/Library/Frameworks/QuartzCore.framework/Versions/A/QuartzCore
0x0000000002e4d000 	/System/Library/Frameworks/Carbon.framework/Versions/A/Frameworks/SpeechRecognition.framework/Versions/A/SpeechRecognition
0x0000000002e4d000 	/usr/lib/libauto.dylib
0x0000000002e4d000 	/usr/lib/libicucore.A.dylib
0x0000000002e4d000 	/usr/lib/libxml2.2.dylib
0x0000000002e4d000 	/System/Library/PrivateFrameworks/CoreUI.framework/Versions/A/CoreUI
0x0000000002e4d000 	/System/Library/Frameworks/CoreAudio.framework/Versions/A/CoreAudio
0x0000000002e4d000 	/System/Library/Frameworks/DiskArbitration.framework/Versions/A/DiskArbitration
0x0000000002e4d000 	/usr/lib/liblangid.dylib
0x0000000002e4d000 	/System/Library/PrivateFrameworks/MultitouchSupport.framework/Versions/A/MultitouchSupport
0x0000000002e4d000 	/System/Library/Frameworks/IOKit.framework/Versions/A/IOKit
0x0000000002e4d000 	/usr/lib/libDiagnosticMessagesClient.dylib
0x0000000002e4d000 	/System/Library/Frameworks/CoreServices.framework/Versions/A/CoreServices
0x0000000002e4d000 	/System/Library/PrivateFrameworks/PerformanceAnalysis.framework/Versions/A/PerformanceAnalysis
0x0000000002e4d000 	/System/Library/PrivateFrameworks/GenerationalStorage.framework/Versions/A/GenerationalStorage
0x0000000002e4d000 	/System/Library/Frameworks/OpenGL.framework/Versions/A/OpenGL
0x0000000002e4d000 	/System/Library/PrivateFrameworks/Sharing.framework/Versions/A/Sharing
0x0000000002e4d000 	/System/Library/Frameworks/CoreGraphics.framework/Versions/A/CoreGraphics
0x0000000002e4d000 	/System/Library/Frameworks/CoreImage.framework/Versions/A/CoreImage
0x0000000002e4d000 	/System/Library/Frameworks/CoreText.framework/Versions/A/CoreText
0x0000000002e4d000 	/System/Library/Frameworks/ImageIO.framework/Versions/A/ImageIO
0x0000000002e4d000 	/System/Library/PrivateFrameworks/Backup.framework/Versions/A/Backup
0x0000000002e4d000 	/usr/lib/libextension.dylib
0x0000000002e4d000 	/usr/lib/libarchive.2.dylib
0x0000000002e4d000 	/System/Library/Frameworks/CFNetwork.framework/Versions/A/CFNetwork
0x0000000002e4d000 	/System/Library/Frameworks/SystemConfiguration.framework/Versions/A/SystemConfiguration
0x0000000002e4d000 	/usr/lib/libCRFSuite.dylib
0x0000000002e4d000 	/usr/lib/libc++.1.dylib
0x0000000002e4d000 	/usr/lib/libc++abi.dylib
0x0000000002e4d000 	/usr/lib/system/libcache.dylib
0x0000000002e4d000 	/usr/lib/system/libcommonCrypto.dylib
0x0000000002e4d000 	/usr/lib/system/libcompiler_rt.dylib
0x0000000002e4d000 	/usr/lib/system/libcopyfile.dylib
0x0000000002e4d000 	/usr/lib/system/libcorecrypto.dylib
0x0000000002e4d000 	/usr/lib/system/libdispatch.dylib
0x0000000002e4d000 	/usr/lib/system/libdyld.dylib
0x0000000002e4d000 	/usr/lib/system/libkeymgr.dylib
0x0000000002e4d000 	/usr/lib/system/liblaunch.dylib
0x0000000002e4d000 	/usr/lib/system/libmacho.dylib
0x0000000002e4d000 	/usr/lib/system/libquarantine.dylib
0x0000000002e4d000 	/usr/lib/system/libremovefile.dylib
0x0000000002e4d000 	/usr/lib/system/libsystem_asl.dylib
0x0000000002e4d000 	/usr/lib/system/libsystem_blocks.dylib
0x0000000002e4d000 	/usr/lib/system/libsystem_c.dylib
0x0000000002e4d000 	/usr/lib/system/libsystem_configuration.dylib
0x0000000002e4d000 	/usr/lib/system/libsystem_coreservices.dylib
0x0000000002e4d000 	/usr/lib/system/libsystem_coretls.dylib
0x0000000002e4d000 	/usr/lib/system/libsystem_dnssd.dylib
0x0000000002e4d000 	/usr/lib/system/libsystem_info.dylib
0x0000000002e4d000 	/usr/lib/system/libsystem_kernel.dylib
0x0000000002e4d000 	/usr/lib/system/libsystem_m.dylib
0x0000000002e4d000 	/usr/lib/system/libsystem_malloc.dylib
0x0000000002e4d000 	/usr/lib/system/libsystem_network.dylib
0x0000000002e4d000 	/usr/lib/system/libsystem_networkextension.dylib
0x0000000002e4d000 	/usr/lib/system/libsystem_notify.dylib
0x0000000002e4d000 	/usr/lib/system/libsystem_platform.dylib
0x0000000002e4d000 	/usr/lib/system/libsystem_pthread.dylib
0x0000000002e4d000 	/usr/lib/system/libsystem_sandbox.dylib
0x0000000002e4d000 	/usr/lib/system/libsystem_secinit.dylib
0x0000000002e4d000 	/usr/lib/system/libsystem_trace.dylib
0x0000000002e4d000 	/usr/lib/system/libunc.dylib
0x0000000002e4d000 	/usr/lib/system/libunwind.dylib
0x0000000002e4d000 	/usr/lib/system/libxpc.dylib
0x0000000002e4d000 	/usr/lib/libenergytrace.dylib
0x0000000002e4d000 	/usr/lib/libbsm.0.dylib
0x0000000002e4d000 	/usr/lib/system/libkxld.dylib
0x0000000002e4d000 	/usr/lib/libxar.1.dylib
0x0000000002e4d000 	/usr/lib/libsqlite3.dylib
0x0000000002e4d000 	/usr/lib/libpam.2.dylib
0x0000000002e4d000 	/usr/lib/libOpenScriptingUtil.dylib
0x0000000002e4d000 	/usr/lib/libbz2.1.0.dylib
0x0000000002e4d000 	/usr/lib/liblzma.5.dylib
0x0000000002e4d000 	/System/Library/Frameworks/CoreServices.framework/Versions/A/Frameworks/FSEvents.framework/Versions/A/FSEvents
0x0000000002e4d000 	/System/Library/Frameworks/CoreServices.framework/Versions/A/Frameworks/CarbonCore.framework/Versions/A/CarbonCore
0x0000000002e4d000 	/System/Library/Frameworks/CoreServices.framework/Versions/A/Frameworks/Metadata.framework/Versions/A/Metadata
0x0000000002e4d000 	/System/Library/Frameworks/CoreServices.framework/Versions/A/Frameworks/OSServices.framework/Versions/A/OSServices
0x0000000002e4d000 	/System/Library/Frameworks/CoreServices.framework/Versions/A/Frameworks/SearchKit.framework/Versions/A/SearchKit
0x0000000002e4d000 	/System/Library/Frameworks/CoreServices.framework/Versions/A/Frameworks/AE.framework/Versions/A/AE
0x0000000002e4d000 	/System/Library/Frameworks/CoreServices.framework/Versions/A/Frameworks/LaunchServices.framework/Versions/A/LaunchServices
0x0000000002e4d000 	/System/Library/Frameworks/CoreServices.framework/Versions/A/Frameworks/DictionaryServices.framework/Versions/A/DictionaryServices
0x0000000002e4d000 	/System/Library/Frameworks/CoreServices.framework/Versions/A/Frameworks/SharedFileList.framework/Versions/A/SharedFileList
0x0000000002e4d000 	/System/Library/Frameworks/NetFS.framework/Versions/A/NetFS
0x0000000002e4d000 	/System/Library/PrivateFrameworks/NetAuth.framework/Versions/A/NetAuth
0x0000000002e4d000 	/System/Library/PrivateFrameworks/login.framework/Versions/A/Frameworks/loginsupport.framework/Versions/A/loginsupport
0x0000000002e4d000 	/System/Library/PrivateFrameworks/TCC.framework/Versions/A/TCC
0x0000000002e4d000 	/usr/lib/libmecabra.dylib
0x0000000002e4d000 	/System/Library/Frameworks/ApplicationServices.framework/Versions/A/Frameworks/ATS.framework/Versions/A/ATS
0x0000000002e4d000 	/System/Library/Frameworks/ApplicationServices.framework/Versions/A/Frameworks/ColorSync.framework/Versions/A/ColorSync
0x0000000002e4d000 	/System/Library/Frameworks/ApplicationServices.framework/Versions/A/Frameworks/HIServices.framework/Versions/A/HIServices
0x0000000002e4d000 	/System/Library/Frameworks/ApplicationServices.framework/Versions/A/Frameworks/LangAnalysis.framework/Versions/A/LangAnalysis
0x0000000002e4d000 	/System/Library/Frameworks/ApplicationServices.framework/Versions/A/Frameworks/PrintCore.framework/Versions/A/PrintCore
0x0000000002e4d000 	/System/Library/Frameworks/ApplicationServices.framework/Versions/A/Frameworks/QD.framework/Versions/A/QD
0x0000000002e4d000 	/System/Library/Frameworks/ApplicationServices.framework/Versions/A/Frameworks/SpeechSynthesis.framework/Versions/A/SpeechSynthesis
0x0000000002e4d000 	/System/Library/Frameworks/Metal.framework/Versions/A/Metal
0x0000000002e4d000 	/System/Library/Frameworks/Accelerate.framework/Versions/A/Frameworks/vImage.framework/Versions/A/vImage
0x0000000002e4d000 	/System/Library/Frameworks/Accelerate.framework/Versions/A/Frameworks/vecLib.framework/Versions/A/vecLib
0x0000000002e4d000 	/System/Library/Frameworks/Accelerate.framework/Versions/A/Frameworks/vecLib.framework/Versions/A/libvDSP.dylib
0x0000000002e4d000 	/System/Library/Frameworks/Accelerate.framework/Versions/A/Frameworks/vecLib.framework/Versions/A/libvMisc.dylib
0x0000000002e4d000 	/System/Library/Frameworks/Accelerate.framework/Versions/A/Frameworks/vecLib.framework/Versions/A/libLAPACK.dylib
0x0000000002e4d000 	/System/Library/Frameworks/Accelerate.framework/Versions/A/Frameworks/vecLib.framework/Versions/A/libBLAS.dylib
0x0000000002e4d000 	/System/Library/Frameworks/Accelerate.framework/Versions/A/Frameworks/vecLib.framework/Versions/A/libLinearAlgebra.dylib
0x0000000002e4d000 	/System/Library/Frameworks/Accelerate.framework/Versions/A/Frameworks/vecLib.framework/Versions/A/libSparseBLAS.dylib
0x0000000002e4d000 	/System/Library/PrivateFrameworks/GPUCompiler.framework/libmetal_timestamp.dylib
0x0000000002e4d000 	/System/Library/Frameworks/OpenGL.framework/Versions/A/Libraries/libCoreFSCache.dylib
0x0000000002e4d000 	/System/Library/PrivateFrameworks/IOAccelerator.framework/Versions/A/IOAccelerator
0x0000000002e4d000 	/System/Library/Frameworks/ApplicationServices.framework/Versions/A/Frameworks/ATS.framework/Versions/A/Resources/libFontParser.dylib
0x0000000002e4d000 	/System/Library/Frameworks/ApplicationServices.framework/Versions/A/Frameworks/ATS.framework/Versions/A/Resources/libFontRegistry.dylib
0x0000000002e4d000 	/System/Library/PrivateFrameworks/AppleVPA.framework/Versions/A/AppleVPA
0x0000000002e4d000 	/System/Library/PrivateFrameworks/AppleJPEG.framework/Versions/A/AppleJPEG
0x0000000002e4d000 	/System/Library/Frameworks/ImageIO.framework/Versions/A/Resources/libJPEG.dylib
0x0000000002e4d000 	/System/Library/Frameworks/ImageIO.framework/Versions/A/Resources/libTIFF.dylib
0x0000000002e4d000 	/System/Library/Frameworks/ImageIO.framework/Versions/A/Resources/libPng.dylib
0x0000000002e4d000 	/System/Library/Frameworks/ImageIO.framework/Versions/A/Resources/libGIF.dylib
0x0000000002e4d000 	/System/Library/Frameworks/ImageIO.framework/Versions/A/Resources/libJP2.dylib
0x0000000002e4d000 	/System/Library/Frameworks/ImageIO.framework/Versions/A/Resources/libRadiance.dylib
0x0000000002e4d000 	/System/Library/Frameworks/CoreVideo.framework/Versions/A/CoreVideo
0x0000000002e4d000 	/System/Library/Frameworks/OpenGL.framework/Versions/A/Libraries/libGLU.dylib
0x0000000002e4d000 	/System/Library/Frameworks/OpenGL.framework/Versions/A/Libraries/libGFXShared.dylib
0x0000000002e4d000 	/System/Library/Frameworks/OpenGL.framework/Versions/A/Libraries/libGL.dylib
0x0000000002e4d000 	/System/Library/Frameworks/OpenGL.framework/Versions/A/Libraries/libGLImage.dylib
0x0000000002e4d000 	/System/Library/Frameworks/OpenGL.framework/Versions/A/Libraries/libCVMSPluginSupport.dylib
0x0000000002e4d000 	/System/Library/Frameworks/OpenGL.framework/Versions/A/Libraries/libCoreVMClient.dylib
0x0000000002e4d000 	/usr/lib/libcups.2.dylib
0x0000000002e4d000 	/System/Library/Frameworks/Kerberos.framework/Versions/A/Kerberos
0x0000000002e4d000 	/System/Library/Frameworks/GSS.framework/Versions/A/GSS
0x0000000002e4d000 	/usr/lib/libresolv.9.dylib
0x0000000002e4d000 	/usr/lib/libiconv.2.dylib
0x0000000002e4d000 	/System/Library/PrivateFrameworks/Heimdal.framework/Versions/A/Heimdal
0x0000000002e4d000 	/usr/lib/libheimdal-asn1.dylib
0x0000000002e4d000 	/System/Library/Frameworks/OpenDirectory.framework/Versions/A/OpenDirectory
0x0000000002e4d000 	/System/Library/PrivateFrameworks/CommonAuth.framework/Versions/A/CommonAuth
0x0000000002e4d000 	/System/Library/Frameworks/OpenDirectory.framework/Versions/A/Frameworks/CFOpenDirectory.framework/Versions/A/CFOpenDirectory
0x0000000002e4d000 	/System/Library/Frameworks/SecurityFoundation.framework/Versions/A/SecurityFoundation
0x0000000002e4d000 	/System/Library/PrivateFrameworks/LanguageModeling.framework/Versions/A/LanguageModeling
0x0000000002e4d000 	/usr/lib/libmarisa.dylib
0x0000000002e4d000 	/usr/lib/libChineseTokenizer.dylib
0x0000000002e4d000 	/usr/lib/libcmph.dylib
0x0000000002e4d000 	/usr/lib/libcompression.dylib
0x0000000002e4d000 	/System/Library/Frameworks/ServiceManagement.framework/Versions/A/ServiceManagement
0x0000000002e4d000 	/usr/lib/libxslt.1.dylib
0x0000000002e4d000 	/System/Library/Frameworks/Carbon.framework/Versions/A/Frameworks/Ink.framework/Versions/A/Ink
0x0000000002e4d000 	/usr/lib/libFosl_dynamic.dylib
0x0000000002e4d000 	/System/Library/PrivateFrameworks/FaceCore.framework/Versions/A/FaceCore
0x0000000002e4d000 	/System/Library/Frameworks/OpenCL.framework/Versions/A/OpenCL
0x0000000002e4d000 	/System/Library/PrivateFrameworks/CrashReporterSupport.framework/Versions/A/CrashReporterSupport
0x0000000002e4d000 	/System/Library/PrivateFrameworks/IconServices.framework/Versions/A/IconServices
0x0000000002e4d000 	/System/Library/PrivateFrameworks/Apple80211.framework/Versions/A/Apple80211
0x0000000002e4d000 	/System/Library/Frameworks/CoreWLAN.framework/Versions/A/CoreWLAN
0x0000000002e4d000 	/System/Library/Frameworks/IOBluetooth.framework/Versions/A/IOBluetooth
0x0000000002e4d000 	/System/Library/PrivateFrameworks/CoreWiFi.framework/Versions/A/CoreWiFi
0x0000000002e4d000 	/System/Library/Frameworks/CoreBluetooth.framework/Versions/A/CoreBluetooth
0x0000000002e4d000 	/System/Library/PrivateFrameworks/ChunkingLibrary.framework/Versions/A/ChunkingLibrary
0x0000000002e4d000 	/System/Library/PrivateFrameworks/DebugSymbols.framework/Versions/A/DebugSymbols
0x0000000002e4d000 	/System/Library/PrivateFrameworks/CoreSymbolication.framework/Versions/A/CoreSymbolication
0x0000000002e4d000 	/System/Library/PrivateFrameworks/Symbolication.framework/Versions/A/Symbolication
0x0000000002e4d000 	/System/Library/PrivateFrameworks/SpeechRecognitionCore.framework/Versions/A/SpeechRecognitionCore
0x000000010b002000 	/Library/Java/JavaVirtualMachines/jdk1.8.0_66.jdk/Contents/Home/jre/lib/server/libjvm.dylib
0x0000000002e4d000 	/usr/lib/libstdc++.6.dylib
0x000000010bf8c000 	/Library/Java/JavaVirtualMachines/jdk1.8.0_66.jdk/Contents/Home/jre/lib/libverify.dylib
0x000000010bf9a000 	/Library/Java/JavaVirtualMachines/jdk1.8.0_66.jdk/Contents/Home/jre/lib/libjava.dylib
0x000000010c800000 	/Library/Java/JavaVirtualMachines/jdk1.8.0_66.jdk/Contents/Home/jre/lib/libjdwp.dylib
0x000000010bfd0000 	/Library/Java/JavaVirtualMachines/jdk1.8.0_66.jdk/Contents/Home/jre/lib/libnpt.dylib
0x000000010bfdd000 	/Library/Java/JavaVirtualMachines/jdk1.8.0_66.jdk/Contents/Home/jre/lib/libzip.dylib
0x00000001221ad000 	/System/Library/Frameworks/JavaVM.framework/Frameworks/JavaRuntimeSupport.framework/JavaRuntimeSupport
0x000000010bfe7000 	/System/Library/Frameworks/JavaVM.framework/Versions/A/Frameworks/JavaNativeFoundation.framework/Versions/A/JavaNativeFoundation
0x00000001221c8000 	/System/Library/Frameworks/JavaVM.framework/Versions/A/JavaVM
0x0000000002e4d000 	/System/Library/Frameworks/Carbon.framework/Versions/A/Carbon
0x00000001221d5000 	/System/Library/PrivateFrameworks/JavaLaunching.framework/Versions/A/JavaLaunching
0x0000000002e4d000 	/System/Library/Frameworks/Carbon.framework/Versions/A/Frameworks/CommonPanels.framework/Versions/A/CommonPanels
0x0000000002e4d000 	/System/Library/Frameworks/Carbon.framework/Versions/A/Frameworks/Help.framework/Versions/A/Help
0x0000000002e4d000 	/System/Library/Frameworks/Carbon.framework/Versions/A/Frameworks/ImageCapture.framework/Versions/A/ImageCapture
0x0000000002e4d000 	/System/Library/Frameworks/Carbon.framework/Versions/A/Frameworks/OpenScripting.framework/Versions/A/OpenScripting
0x0000000002e4d000 	/System/Library/Frameworks/Carbon.framework/Versions/A/Frameworks/Print.framework/Versions/A/Print
0x0000000002e4d000 	/System/Library/Frameworks/Carbon.framework/Versions/A/Frameworks/SecurityHI.framework/Versions/A/SecurityHI
0x0000000123af3000 	/Library/Java/JavaVirtualMachines/jdk1.8.0_66.jdk/Contents/Home/jre/lib/libdt_socket.dylib

VM Arguments:
jvm_args: -agentlib:jdwp=transport=dt_socket,address=127.0.0.1:50525,suspend=y,server=n -Dfile.encoding=UTF-8 
java_command: Main
java_class_path (initial): /Library/Java/JavaVirtualMachines/jdk1.8.0_66.jdk/Contents/Home/jre/lib/charsets.jar:/Library/Java/JavaVirtualMachines/jdk1.8.0_66.jdk/Contents/Home/jre/lib/deploy.jar:/Library/Java/JavaVirtualMachines/jdk1.8.0_66.jdk/Contents/Home/jre/lib/ext/cldrdata.jar:/Library/Java/JavaVirtualMachines/jdk1.8.0_66.jdk/Contents/Home/jre/lib/ext/dnsns.jar:/Library/Java/JavaVirtualMachines/jdk1.8.0_66.jdk/Contents/Home/jre/lib/ext/jaccess.jar:/Library/Java/JavaVirtualMachines/jdk1.8.0_66.jdk/Contents/Home/jre/lib/ext/jfxrt.jar:/Library/Java/JavaVirtualMachines/jdk1.8.0_66.jdk/Contents/Home/jre/lib/ext/localedata.jar:/Library/Java/JavaVirtualMachines/jdk1.8.0_66.jdk/Contents/Home/jre/lib/ext/nashorn.jar:/Library/Java/JavaVirtualMachines/jdk1.8.0_66.jdk/Contents/Home/jre/lib/ext/sunec.jar:/Library/Java/JavaVirtualMachines/jdk1.8.0_66.jdk/Contents/Home/jre/lib/ext/sunjce_provider.jar:/Library/Java/JavaVirtualMachines/jdk1.8.0_66.jdk/Contents/Home/jre/lib/ext/sunpkcs11.jar:/Library/Java/JavaVirtualMachines/jdk1.8.0_66.jdk/Contents/Home/jre/lib/ext/zipfs.jar:/Library/Java/JavaVirtualMachines/jdk1.8.0_66.jdk/Contents/Home/jre/lib/javaws.jar:/Library/Java/JavaVirtualMachines/jdk1.8.0_66.jdk/Contents/Home/jre/lib/jce.jar:/Library/Java/JavaVirtualMachines/jdk1.8.0_66.jdk/Contents/Home/jre/lib/jfr.jar:/Library/Java/JavaVirtualMachines/jdk1.8.0_66.jdk/Contents/Home/jre/lib/jfxswt.jar:/Library/Java/JavaVirtualMachines/jdk1.8.0_66.jdk/Contents/Home/jre/lib/jsse.jar:/Library/Java/JavaVirtualMachines/jdk1.8.0_66.jdk/Contents/Home/jre/lib/management-agent.jar:/Library/Java/JavaVirtualMachines/jdk1.8.0_66.jdk/Contents/Home/jre/lib/plugin.jar:/Library/Java/JavaVirtualMachines/jdk1.8.0_66.jdk/Contents/Home/jre/lib/resources.jar:/Library/Java/JavaVirtualMachines/jdk1.8.0_66.jdk/Contents/Home/jre/lib/rt.jar:/Library/Java/JavaVirtualMachines/jdk1.8.0_66.jdk/Contents/Home/lib/ant-javafx.jar:/Library/Java/JavaVirtualMachines/jdk1.8.0_66.jdk/Contents/Home/lib/dt.jar:/Library/Ja
Launcher Type: SUN_STANDARD

Environment Variables:
JAVA_HOME=/Library/Java/JavaVirtualMachines/jdk1.8.0_66.jdk/Contents/Home
PATH=/usr/local/bin:/usr/bin:/bin:/usr/sbin:/sbin:/usr/local/apache-maven/apache-maven-3.3.1/bin:/Library/PostgreSQL/9.2/bin:/opt/X11/bin:/usr/local/git/bin
SHELL=/bin/bash
DISPLAY=/private/tmp/com.apple.launchd.IEULHxYjxz/org.macosforge.xquartz:0

Signal Handlers:
SIGSEGV: [libjvm.dylib+0x5a65d5], sa_mask[0]=11111111011111110111111111111111, sa_flags=SA_ONSTACK|SA_RESTART|SA_SIGINFO
SIGBUS: [libjvm.dylib+0x5a65d5], sa_mask[0]=11111111011111110111111111111111, sa_flags=SA_RESTART|SA_SIGINFO
SIGFPE: [libjvm.dylib+0x4802e8], sa_mask[0]=11111111011111110111111111111111, sa_flags=SA_RESTART|SA_SIGINFO
SIGPIPE: [libjvm.dylib+0x4802e8], sa_mask[0]=11111111011111110111111111111111, sa_flags=SA_RESTART|SA_SIGINFO
SIGXFSZ: [libjvm.dylib+0x4802e8], sa_mask[0]=11111111011111110111111111111111, sa_flags=SA_RESTART|SA_SIGINFO
SIGILL: [libjvm.dylib+0x4802e8], sa_mask[0]=11111111011111110111111111111111, sa_flags=SA_RESTART|SA_SIGINFO
SIGUSR1: SIG_DFL, sa_mask[0]=00000000000000000000000000000000, sa_flags=none
SIGUSR2: [libjvm.dylib+0x47fe06], sa_mask[0]=00100000000000000000000000000000, sa_flags=SA_RESTART|SA_SIGINFO
SIGHUP: [libjvm.dylib+0x47e3dd], sa_mask[0]=11111111011111110111111111111111, sa_flags=SA_RESTART|SA_SIGINFO
SIGINT: [libjvm.dylib+0x47e3dd], sa_mask[0]=11111111011111110111111111111111, sa_flags=SA_RESTART|SA_SIGINFO
SIGTERM: [libjvm.dylib+0x47e3dd], sa_mask[0]=11111111011111110111111111111111, sa_flags=SA_RESTART|SA_SIGINFO
SIGQUIT: [libjvm.dylib+0x47e3dd], sa_mask[0]=11111111011111110111111111111111, sa_flags=SA_RESTART|SA_SIGINFO


---------------  S Y S T E M  ---------------

OS:Bsduname:Darwin 15.4.0 Darwin Kernel Version 15.4.0: Fri Feb 26 22:08:05 PST 2016; root:xnu-3248.40.184~3/RELEASE_X86_64 x86_64
rlimit: STACK 8192k, CORE 0k, NPROC 709, NOFILE 10240, AS infinity
load average:3.25 3.12 2.99

CPU:total 4 (2 cores per cpu, 2 threads per core) family 6 model 69 stepping 1, cmov, cx8, fxsr, mmx, sse, sse2, sse3, ssse3, sse4.1, sse4.2, popcnt, avx, avx2, aes, clmul, erms, lzcnt, ht, tsc, tscinvbit, bmi1, bmi2

Memory: 4k page, physical 8388608k(122144k free)

/proc/meminfo:


vm_info: Java HotSpot(TM) 64-Bit Server VM (25.66-b17) for bsd-amd64 JRE (1.8.0_66-b17), built on Oct  6 2015 16:09:13 by "java_re" with gcc 4.2.1 (Based on Apple Inc. build 5658) (LLVM build 2336.11.00)

time: Sun Jul 10 19:11:28 2016
elapsed time: 3330 seconds (0d 0h 55m 30s)

